  user.cpp
c:\users\knoedel\desktop\git\user.cpp(136): warning C4996: 'strcpy': This function or variable may be unsafe. Consider using strcpy_s instead. To disable deprecation, use _CRT_SECURE_NO_WARNINGS. See online help for details.
  c:\program files (x86)\windows kits\10\include\10.0.10240.0\ucrt\string.h(119): note: Siehe Deklaration von "strcpy"
c:\users\knoedel\desktop\git\user.cpp(167): warning C4018: "<": Konflikt zwischen "signed" und "unsigned"
c:\users\knoedel\desktop\git\user.cpp(251): warning C4018: "<": Konflikt zwischen "signed" und "unsigned"
c:\users\knoedel\desktop\git\user.cpp(247): warning C4996: 'strcpy': This function or variable may be unsafe. Consider using strcpy_s instead. To disable deprecation, use _CRT_SECURE_NO_WARNINGS. See online help for details.
  c:\program files (x86)\windows kits\10\include\10.0.10240.0\ucrt\string.h(119): note: Siehe Deklaration von "strcpy"
c:\users\knoedel\desktop\git\user.cpp(273): warning C4018: "<": Konflikt zwischen "signed" und "unsigned"
c:\users\knoedel\desktop\git\user.cpp(276): warning C4018: "<": Konflikt zwischen "signed" und "unsigned"
c:\users\knoedel\desktop\git\user.cpp(286): warning C4018: "<": Konflikt zwischen "signed" und "unsigned"
c:\users\knoedel\desktop\git\user.cpp(294): warning C4018: "<": Konflikt zwischen "signed" und "unsigned"
c:\users\knoedel\desktop\git\user.cpp(352): warning C4018: "<": Konflikt zwischen "signed" und "unsigned"
c:\users\knoedel\desktop\git\user.cpp(369): warning C4018: "<": Konflikt zwischen "signed" und "unsigned"
c:\users\knoedel\desktop\git\user.cpp(390): warning C4018: "<": Konflikt zwischen "signed" und "unsigned"
c:\users\knoedel\desktop\git\user.cpp(391): warning C4018: "<": Konflikt zwischen "signed" und "unsigned"
c:\users\knoedel\desktop\git\user.cpp(425): warning C4996: 'strcpy': This function or variable may be unsafe. Consider using strcpy_s instead. To disable deprecation, use _CRT_SECURE_NO_WARNINGS. See online help for details.
  c:\program files (x86)\windows kits\10\include\10.0.10240.0\ucrt\string.h(119): note: Siehe Deklaration von "strcpy"
c:\users\knoedel\desktop\git\user.cpp(449): warning C4996: 'strcpy': This function or variable may be unsafe. Consider using strcpy_s instead. To disable deprecation, use _CRT_SECURE_NO_WARNINGS. See online help for details.
  c:\program files (x86)\windows kits\10\include\10.0.10240.0\ucrt\string.h(119): note: Siehe Deklaration von "strcpy"
c:\users\knoedel\desktop\git\user.cpp(473): warning C4996: 'strcpy': This function or variable may be unsafe. Consider using strcpy_s instead. To disable deprecation, use _CRT_SECURE_NO_WARNINGS. See online help for details.
  c:\program files (x86)\windows kits\10\include\10.0.10240.0\ucrt\string.h(119): note: Siehe Deklaration von "strcpy"
c:\users\knoedel\desktop\git\user.cpp(510): warning C4018: "<": Konflikt zwischen "signed" und "unsigned"
c:\users\knoedel\desktop\git\user.cpp(527): warning C4018: "<": Konflikt zwischen "signed" und "unsigned"
c:\users\knoedel\desktop\git\user.cpp(528): warning C4018: "<": Konflikt zwischen "signed" und "unsigned"
c:\users\knoedel\desktop\git\user.cpp(565): warning C4996: 'strcpy': This function or variable may be unsafe. Consider using strcpy_s instead. To disable deprecation, use _CRT_SECURE_NO_WARNINGS. See online help for details.
  c:\program files (x86)\windows kits\10\include\10.0.10240.0\ucrt\string.h(119): note: Siehe Deklaration von "strcpy"
c:\users\knoedel\desktop\git\user.cpp(588): warning C4996: 'strcpy': This function or variable may be unsafe. Consider using strcpy_s instead. To disable deprecation, use _CRT_SECURE_NO_WARNINGS. See online help for details.
  c:\program files (x86)\windows kits\10\include\10.0.10240.0\ucrt\string.h(119): note: Siehe Deklaration von "strcpy"
c:\users\knoedel\desktop\git\user.cpp(611): warning C4996: 'strcpy': This function or variable may be unsafe. Consider using strcpy_s instead. To disable deprecation, use _CRT_SECURE_NO_WARNINGS. See online help for details.
  c:\program files (x86)\windows kits\10\include\10.0.10240.0\ucrt\string.h(119): note: Siehe Deklaration von "strcpy"
c:\users\knoedel\desktop\git\user.cpp(647): warning C4018: "<": Konflikt zwischen "signed" und "unsigned"
c:\users\knoedel\desktop\git\user.cpp(652): warning C4996: 'strcpy': This function or variable may be unsafe. Consider using strcpy_s instead. To disable deprecation, use _CRT_SECURE_NO_WARNINGS. See online help for details.
  c:\program files (x86)\windows kits\10\include\10.0.10240.0\ucrt\string.h(119): note: Siehe Deklaration von "strcpy"
c:\users\knoedel\desktop\git\user.cpp(666): warning C4018: "<": Konflikt zwischen "signed" und "unsigned"
c:\users\knoedel\desktop\git\user.cpp(671): warning C4996: 'strcpy': This function or variable may be unsafe. Consider using strcpy_s instead. To disable deprecation, use _CRT_SECURE_NO_WARNINGS. See online help for details.
  c:\program files (x86)\windows kits\10\include\10.0.10240.0\ucrt\string.h(119): note: Siehe Deklaration von "strcpy"
c:\users\knoedel\desktop\git\user.cpp(694): warning C4018: "<": Konflikt zwischen "signed" und "unsigned"
c:\users\knoedel\desktop\git\user.cpp(699): warning C4018: "<": Konflikt zwischen "signed" und "unsigned"
c:\users\knoedel\desktop\git\user.cpp(786): warning C4018: "<": Konflikt zwischen "signed" und "unsigned"
c:\users\knoedel\desktop\git\user.cpp(793): warning C4018: "<": Konflikt zwischen "signed" und "unsigned"
c:\users\knoedel\desktop\git\user.cpp(833): warning C4018: "<": Konflikt zwischen "signed" und "unsigned"
c:\users\knoedel\desktop\git\user.cpp(821): warning C4101: "startpos": Unreferenzierte lokale Variable
c:\users\knoedel\desktop\git\user.cpp(1012): warning C4018: "<": Konflikt zwischen "signed" und "unsigned"
c:\users\knoedel\desktop\git\user.cpp(1000): warning C4996: 'strcpy': This function or variable may be unsafe. Consider using strcpy_s instead. To disable deprecation, use _CRT_SECURE_NO_WARNINGS. See online help for details.
  c:\program files (x86)\windows kits\10\include\10.0.10240.0\ucrt\string.h(119): note: Siehe Deklaration von "strcpy"
c:\users\knoedel\desktop\git\user.cpp(180): warning C4715: "Is_serial_Pin": Nicht alle Codepfade geben einen Wert zurück.
c:\users\knoedel\desktop\git\user.cpp(341): warning C4715: "SternFind": Nicht alle Codepfade geben einen Wert zurück.
  GDE_3.vcxproj -> C:\Users\Knoedel\Desktop\git\Debug\GDE_3.exe
  GDE_3.vcxproj -> Debug\GDE_3.pdb (Full PDB)
